10-Feb-2019 17:45:44.632 INFO [main] org.apache.catalina.startup.VersionLoggerListener.log Server version name:   Apache Tomcat/9.0.16
10-Feb-2019 17:45:44.652 INFO [main] org.apache.catalina.startup.VersionLoggerListener.log Server built:          Feb 4 2019 16:30:29 UTC
10-Feb-2019 17:45:44.653 INFO [main] org.apache.catalina.startup.VersionLoggerListener.log Server version number: 9.0.16.0
10-Feb-2019 17:45:44.654 INFO [main] org.apache.catalina.startup.VersionLoggerListener.log OS Name:               Windows 7
10-Feb-2019 17:45:44.655 INFO [main] org.apache.catalina.startup.VersionLoggerListener.log OS Version:            6.1
10-Feb-2019 17:45:44.655 INFO [main] org.apache.catalina.startup.VersionLoggerListener.log Architecture:          amd64
10-Feb-2019 17:45:44.655 INFO [main] org.apache.catalina.startup.VersionLoggerListener.log Java Home:             C:\Program Files\Java\jdk-11.0.2
10-Feb-2019 17:45:44.656 INFO [main] org.apache.catalina.startup.VersionLoggerListener.log JVM Version:           11.0.2+9-LTS
10-Feb-2019 17:45:44.657 INFO [main] org.apache.catalina.startup.VersionLoggerListener.log JVM Vendor:            Oracle Corporation
10-Feb-2019 17:45:44.657 INFO [main] org.apache.catalina.startup.VersionLoggerListener.log CATALINA_BASE:         D:\Для вёрстки\ДЗ\apache-tomcat-9.0.16
10-Feb-2019 17:45:44.657 INFO [main] org.apache.catalina.startup.VersionLoggerListener.log CATALINA_HOME:         D:\Для вёрстки\ДЗ\apache-tomcat-9.0.16
10-Feb-2019 17:45:44.676 INFO [main] org.apache.catalina.startup.VersionLoggerListener.log Command line argument: --add-opens=java.base/java.lang=ALL-UNNAMED
10-Feb-2019 17:45:44.679 INFO [main] org.apache.catalina.startup.VersionLoggerListener.log Command line argument: --add-opens=java.base/java.io=ALL-UNNAMED
10-Feb-2019 17:45:44.682 INFO [main] org.apache.catalina.startup.VersionLoggerListener.log Command line argument: --add-opens=java.rmi/sun.rmi.transport=ALL-UNNAMED
10-Feb-2019 17:45:44.682 INFO [main] org.apache.catalina.startup.VersionLoggerListener.log Command line argument: -Djava.util.logging.config.file=D:\Для вёрстки\ДЗ\apache-tomcat-9.0.16\conf\logging.properties
10-Feb-2019 17:45:44.683 INFO [main] org.apache.catalina.startup.VersionLoggerListener.log Command line argument: -Djava.util.logging.manager=org.apache.juli.ClassLoaderLogManager
10-Feb-2019 17:45:44.685 INFO [main] org.apache.catalina.startup.VersionLoggerListener.log Command line argument: -Djdk.tls.ephemeralDHKeySize=2048
10-Feb-2019 17:45:44.686 INFO [main] org.apache.catalina.startup.VersionLoggerListener.log Command line argument: -Djava.protocol.handler.pkgs=org.apache.catalina.webresources
10-Feb-2019 17:45:44.687 INFO [main] org.apache.catalina.startup.VersionLoggerListener.log Command line argument: -Dignore.endorsed.dirs=
10-Feb-2019 17:45:44.688 INFO [main] org.apache.catalina.startup.VersionLoggerListener.log Command line argument: -Dcatalina.base=D:\Для вёрстки\ДЗ\apache-tomcat-9.0.16
10-Feb-2019 17:45:44.689 INFO [main] org.apache.catalina.startup.VersionLoggerListener.log Command line argument: -Dcatalina.home=D:\Для вёрстки\ДЗ\apache-tomcat-9.0.16
10-Feb-2019 17:45:44.691 INFO [main] org.apache.catalina.startup.VersionLoggerListener.log Command line argument: -Djava.io.tmpdir=D:\Для вёрстки\ДЗ\apache-tomcat-9.0.16\temp
10-Feb-2019 17:45:44.692 INFO [main] org.apache.catalina.core.AprLifecycleListener.lifecycleEvent The APR based Apache Tomcat Native library which allows optimal performance in production environments was not found on the java.library.path: [C:\Program Files\Java\jdk-11.0.2\bin;C:\Windows\Sun\Java\bin;C:\Windows\system32;C:\Windows;C:\Program Files (x86)\Common Files\Oracle\Java\javapath;C:\ProgramData\Oracle\Java\javapath;C:\Windows\system32;C:\Windows;C:\Windows\System32\Wbem;C:\Windows\System32\WindowsPowerShell\v1.0\;C:\Program Files (x86)\Skype\Phone\;C:\Program Files\Microsoft SQL Server\120\Tools\Binn\;C:\Program Files\Microsoft SQL Server\130\Tools\Binn\;C:\Program Files\Microsoft SQL Server\110\Tools\Binn\;%USERPROFILE%\.dnx\bin;C:\Program Files\Microsoft DNX\Dnvm\;C:\Program Files (x86)\Windows Kits\8.1\Windows Performance Toolkit\;C:\Users\Aqualon\AppData\Local\GitHubDesktop\bin;.]
10-Feb-2019 17:45:44.850 INFO [main] org.apache.coyote.AbstractProtocol.init Initializing ProtocolHandler ["http-nio-8080"]
10-Feb-2019 17:45:45.869 INFO [main] org.apache.coyote.AbstractProtocol.init Initializing ProtocolHandler ["ajp-nio-8009"]
10-Feb-2019 17:45:45.912 INFO [main] org.apache.catalina.startup.Catalina.load Server initialization in [2 570] milliseconds
10-Feb-2019 17:45:46.022 INFO [main] org.apache.catalina.core.StandardService.startInternal Starting service [Catalina]
10-Feb-2019 17:45:46.023 INFO [main] org.apache.catalina.core.StandardEngine.startInternal Starting Servlet engine: [Apache Tomcat/9.0.16]
10-Feb-2019 17:45:46.062 INFO [main] org.apache.catalina.startup.HostConfig.deployDirectory Установка веб приложения в папку [D:\Для вёрстки\ДЗ\apache-tomcat-9.0.16\webapps\docs]
10-Feb-2019 17:45:47.058 WARNING [main] org.apache.catalina.util.SessionIdGeneratorBase.createSecureRandom Creation of SecureRandom instance for session ID generation using [SHA1PRNG] took [108] milliseconds.
10-Feb-2019 17:45:47.093 INFO [main] org.apache.catalina.startup.HostConfig.deployDirectory Deployment of web application directory [D:\Для вёрстки\ДЗ\apache-tomcat-9.0.16\webapps\docs] has finished in [1 031] ms
10-Feb-2019 17:45:47.094 INFO [main] org.apache.catalina.startup.HostConfig.deployDirectory Установка веб приложения в папку [D:\Для вёрстки\ДЗ\apache-tomcat-9.0.16\webapps\examples]
10-Feb-2019 17:45:47.739 INFO [main] org.apache.catalina.startup.HostConfig.deployDirectory Deployment of web application directory [D:\Для вёрстки\ДЗ\apache-tomcat-9.0.16\webapps\examples] has finished in [645] ms
10-Feb-2019 17:45:47.742 INFO [main] org.apache.catalina.startup.HostConfig.deployDirectory Установка веб приложения в папку [D:\Для вёрстки\ДЗ\apache-tomcat-9.0.16\webapps\host-manager]
10-Feb-2019 17:45:47.829 INFO [main] org.apache.catalina.startup.HostConfig.deployDirectory Deployment of web application directory [D:\Для вёрстки\ДЗ\apache-tomcat-9.0.16\webapps\host-manager] has finished in [87] ms
10-Feb-2019 17:45:47.831 INFO [main] org.apache.catalina.startup.HostConfig.deployDirectory Установка веб приложения в папку [D:\Для вёрстки\ДЗ\apache-tomcat-9.0.16\webapps\manager]
10-Feb-2019 17:45:47.888 INFO [main] org.apache.catalina.startup.HostConfig.deployDirectory Deployment of web application directory [D:\Для вёрстки\ДЗ\apache-tomcat-9.0.16\webapps\manager] has finished in [58] ms
10-Feb-2019 17:45:47.890 INFO [main] org.apache.catalina.startup.HostConfig.deployDirectory Установка веб приложения в папку [D:\Для вёрстки\ДЗ\apache-tomcat-9.0.16\webapps\ROOT]
10-Feb-2019 17:45:47.934 INFO [main] org.apache.catalina.startup.HostConfig.deployDirectory Deployment of web application directory [D:\Для вёрстки\ДЗ\apache-tomcat-9.0.16\webapps\ROOT] has finished in [44] ms
10-Feb-2019 17:45:47.943 INFO [main] org.apache.coyote.AbstractProtocol.start Starting ProtocolHandler ["http-nio-8080"]
10-Feb-2019 17:45:47.970 INFO [main] org.apache.coyote.AbstractProtocol.start Starting ProtocolHandler ["ajp-nio-8009"]
10-Feb-2019 17:45:47.991 INFO [main] org.apache.catalina.startup.Catalina.start Server startup in [2 077] milliseconds
10-Feb-2019 17:48:32.089 INFO [main] org.apache.catalina.core.StandardServer.await A valid shutdown command was received via the shutdown port. Stopping the Server instance.
10-Feb-2019 17:48:32.090 INFO [main] org.apache.coyote.AbstractProtocol.pause Pausing ProtocolHandler ["http-nio-8080"]
10-Feb-2019 17:48:32.167 INFO [main] org.apache.coyote.AbstractProtocol.pause Pausing ProtocolHandler ["ajp-nio-8009"]
10-Feb-2019 17:48:32.233 INFO [main] org.apache.catalina.core.StandardService.stopInternal Stopping service [Catalina]
10-Feb-2019 17:48:32.289 INFO [main] org.apache.coyote.AbstractProtocol.stop Stopping ProtocolHandler ["http-nio-8080"]
10-Feb-2019 17:48:32.294 INFO [main] org.apache.coyote.AbstractProtocol.stop Stopping ProtocolHandler ["ajp-nio-8009"]
10-Feb-2019 17:48:32.302 INFO [main] org.apache.coyote.AbstractProtocol.destroy Destroying ProtocolHandler ["http-nio-8080"]
10-Feb-2019 17:48:32.307 INFO [main] org.apache.coyote.AbstractProtocol.destroy Destroying ProtocolHandler ["ajp-nio-8009"]
10-Feb-2019 19:17:21.318 INFO [main] org.apache.catalina.startup.VersionLoggerListener.log Server version name:   Apache Tomcat/9.0.16
10-Feb-2019 19:17:21.323 INFO [main] org.apache.catalina.startup.VersionLoggerListener.log Server built:          Feb 4 2019 16:30:29 UTC
10-Feb-2019 19:17:21.324 INFO [main] org.apache.catalina.startup.VersionLoggerListener.log Server version number: 9.0.16.0
10-Feb-2019 19:17:21.324 INFO [main] org.apache.catalina.startup.VersionLoggerListener.log OS Name:               Windows 7
10-Feb-2019 19:17:21.324 INFO [main] org.apache.catalina.startup.VersionLoggerListener.log OS Version:            6.1
10-Feb-2019 19:17:21.325 INFO [main] org.apache.catalina.startup.VersionLoggerListener.log Architecture:          amd64
10-Feb-2019 19:17:21.325 INFO [main] org.apache.catalina.startup.VersionLoggerListener.log Java Home:             C:\Program Files\Java\jdk-11.0.2
10-Feb-2019 19:17:21.325 INFO [main] org.apache.catalina.startup.VersionLoggerListener.log JVM Version:           11.0.2+9-LTS
10-Feb-2019 19:17:21.325 INFO [main] org.apache.catalina.startup.VersionLoggerListener.log JVM Vendor:            Oracle Corporation
10-Feb-2019 19:17:21.326 INFO [main] org.apache.catalina.startup.VersionLoggerListener.log CATALINA_BASE:         D:\ForCoding\task\apache-tomcat-9.0.16
10-Feb-2019 19:17:21.326 INFO [main] org.apache.catalina.startup.VersionLoggerListener.log CATALINA_HOME:         D:\ForCoding\task\apache-tomcat-9.0.16
10-Feb-2019 19:17:21.328 INFO [main] org.apache.catalina.startup.VersionLoggerListener.log Command line argument: --add-opens=java.base/java.lang=ALL-UNNAMED
10-Feb-2019 19:17:21.331 INFO [main] org.apache.catalina.startup.VersionLoggerListener.log Command line argument: --add-opens=java.base/java.io=ALL-UNNAMED
10-Feb-2019 19:17:21.332 INFO [main] org.apache.catalina.startup.VersionLoggerListener.log Command line argument: --add-opens=java.rmi/sun.rmi.transport=ALL-UNNAMED
10-Feb-2019 19:17:21.333 INFO [main] org.apache.catalina.startup.VersionLoggerListener.log Command line argument: -Djava.util.logging.config.file=D:\ForCoding\task\apache-tomcat-9.0.16\conf\logging.properties
10-Feb-2019 19:17:21.333 INFO [main] org.apache.catalina.startup.VersionLoggerListener.log Command line argument: -Djava.util.logging.manager=org.apache.juli.ClassLoaderLogManager
10-Feb-2019 19:17:21.334 INFO [main] org.apache.catalina.startup.VersionLoggerListener.log Command line argument: -Djdk.tls.ephemeralDHKeySize=2048
10-Feb-2019 19:17:21.334 INFO [main] org.apache.catalina.startup.VersionLoggerListener.log Command line argument: -Djava.protocol.handler.pkgs=org.apache.catalina.webresources
10-Feb-2019 19:17:21.335 INFO [main] org.apache.catalina.startup.VersionLoggerListener.log Command line argument: -Dignore.endorsed.dirs=
10-Feb-2019 19:17:21.336 INFO [main] org.apache.catalina.startup.VersionLoggerListener.log Command line argument: -Dcatalina.base=D:\ForCoding\task\apache-tomcat-9.0.16
10-Feb-2019 19:17:21.336 INFO [main] org.apache.catalina.startup.VersionLoggerListener.log Command line argument: -Dcatalina.home=D:\ForCoding\task\apache-tomcat-9.0.16
10-Feb-2019 19:17:21.337 INFO [main] org.apache.catalina.startup.VersionLoggerListener.log Command line argument: -Djava.io.tmpdir=D:\ForCoding\task\apache-tomcat-9.0.16\temp
10-Feb-2019 19:17:21.342 INFO [main] org.apache.catalina.core.AprLifecycleListener.lifecycleEvent The APR based Apache Tomcat Native library which allows optimal performance in production environments was not found on the java.library.path: [C:\Program Files\Java\jdk-11.0.2\bin;C:\Windows\Sun\Java\bin;C:\Windows\system32;C:\Windows;C:\Program Files (x86)\Common Files\Oracle\Java\javapath;C:\ProgramData\Oracle\Java\javapath;C:\Windows\system32;C:\Windows;C:\Windows\System32\Wbem;C:\Windows\System32\WindowsPowerShell\v1.0\;C:\Program Files (x86)\Skype\Phone\;C:\Program Files\Microsoft SQL Server\120\Tools\Binn\;C:\Program Files\Microsoft SQL Server\130\Tools\Binn\;C:\Program Files\Microsoft SQL Server\110\Tools\Binn\;%USERPROFILE%\.dnx\bin;C:\Program Files\Microsoft DNX\Dnvm\;C:\Program Files (x86)\Windows Kits\8.1\Windows Performance Toolkit\;C:\Users\Aqualon\AppData\Local\GitHubDesktop\bin;.]
10-Feb-2019 19:17:21.403 INFO [main] org.apache.coyote.AbstractProtocol.init Initializing ProtocolHandler ["http-nio-8080"]
10-Feb-2019 19:17:21.566 INFO [main] org.apache.coyote.AbstractProtocol.init Initializing ProtocolHandler ["ajp-nio-8009"]
10-Feb-2019 19:17:21.573 INFO [main] org.apache.catalina.startup.Catalina.load Server initialization in [1 031] milliseconds
10-Feb-2019 19:17:21.686 INFO [main] org.apache.catalina.core.StandardService.startInternal Starting service [Catalina]
10-Feb-2019 19:17:21.687 INFO [main] org.apache.catalina.core.StandardEngine.startInternal Starting Servlet engine: [Apache Tomcat/9.0.16]
10-Feb-2019 19:17:21.700 INFO [main] org.apache.catalina.startup.HostConfig.deployDirectory Установка веб приложения в папку [D:\ForCoding\task\apache-tomcat-9.0.16\webapps\docs]
10-Feb-2019 19:17:22.468 INFO [main] org.apache.catalina.startup.HostConfig.deployDirectory Deployment of web application directory [D:\ForCoding\task\apache-tomcat-9.0.16\webapps\docs] has finished in [768] ms
10-Feb-2019 19:17:22.469 INFO [main] org.apache.catalina.startup.HostConfig.deployDirectory Установка веб приложения в папку [D:\ForCoding\task\apache-tomcat-9.0.16\webapps\examples]
10-Feb-2019 19:17:23.132 INFO [main] org.apache.catalina.startup.HostConfig.deployDirectory Deployment of web application directory [D:\ForCoding\task\apache-tomcat-9.0.16\webapps\examples] has finished in [664] ms
10-Feb-2019 19:17:23.133 INFO [main] org.apache.catalina.startup.HostConfig.deployDirectory Установка веб приложения в папку [D:\ForCoding\task\apache-tomcat-9.0.16\webapps\host-manager]
10-Feb-2019 19:17:23.193 INFO [main] org.apache.catalina.startup.HostConfig.deployDirectory Deployment of web application directory [D:\ForCoding\task\apache-tomcat-9.0.16\webapps\host-manager] has finished in [59] ms
10-Feb-2019 19:17:23.194 INFO [main] org.apache.catalina.startup.HostConfig.deployDirectory Установка веб приложения в папку [D:\ForCoding\task\apache-tomcat-9.0.16\webapps\manager]
10-Feb-2019 19:17:23.236 INFO [main] org.apache.catalina.startup.HostConfig.deployDirectory Deployment of web application directory [D:\ForCoding\task\apache-tomcat-9.0.16\webapps\manager] has finished in [42] ms
10-Feb-2019 19:17:23.237 INFO [main] org.apache.catalina.startup.HostConfig.deployDirectory Установка веб приложения в папку [D:\ForCoding\task\apache-tomcat-9.0.16\webapps\ROOT]
10-Feb-2019 19:17:23.285 INFO [main] org.apache.catalina.startup.HostConfig.deployDirectory Deployment of web application directory [D:\ForCoding\task\apache-tomcat-9.0.16\webapps\ROOT] has finished in [48] ms
10-Feb-2019 19:17:23.298 INFO [main] org.apache.coyote.AbstractProtocol.start Starting ProtocolHandler ["http-nio-8080"]
10-Feb-2019 19:17:23.311 INFO [main] org.apache.coyote.AbstractProtocol.start Starting ProtocolHandler ["ajp-nio-8009"]
10-Feb-2019 19:17:23.318 INFO [main] org.apache.catalina.startup.Catalina.start Server startup in [1 744] milliseconds
10-Feb-2019 19:20:19.474 INFO [main] org.apache.catalina.core.StandardServer.await A valid shutdown command was received via the shutdown port. Stopping the Server instance.
10-Feb-2019 19:20:19.475 INFO [main] org.apache.coyote.AbstractProtocol.pause Pausing ProtocolHandler ["http-nio-8080"]
10-Feb-2019 19:20:19.559 INFO [main] org.apache.coyote.AbstractProtocol.pause Pausing ProtocolHandler ["ajp-nio-8009"]
10-Feb-2019 19:20:19.626 INFO [main] org.apache.catalina.core.StandardService.stopInternal Stopping service [Catalina]
10-Feb-2019 19:20:19.662 INFO [main] org.apache.coyote.AbstractProtocol.stop Stopping ProtocolHandler ["http-nio-8080"]
10-Feb-2019 19:20:19.666 INFO [main] org.apache.coyote.AbstractProtocol.stop Stopping ProtocolHandler ["ajp-nio-8009"]
10-Feb-2019 19:20:19.671 INFO [main] org.apache.coyote.AbstractProtocol.destroy Destroying ProtocolHandler ["http-nio-8080"]
10-Feb-2019 19:20:19.673 INFO [main] org.apache.coyote.AbstractProtocol.destroy Destroying ProtocolHandler ["ajp-nio-8009"]
10-Feb-2019 19:22:57.410 INFO [main] org.apache.catalina.startup.VersionLoggerListener.log Server version name:   Apache Tomcat/9.0.16
10-Feb-2019 19:22:57.415 INFO [main] org.apache.catalina.startup.VersionLoggerListener.log Server built:          Feb 4 2019 16:30:29 UTC
10-Feb-2019 19:22:57.416 INFO [main] org.apache.catalina.startup.VersionLoggerListener.log Server version number: 9.0.16.0
10-Feb-2019 19:22:57.416 INFO [main] org.apache.catalina.startup.VersionLoggerListener.log OS Name:               Windows 7
10-Feb-2019 19:22:57.416 INFO [main] org.apache.catalina.startup.VersionLoggerListener.log OS Version:            6.1
10-Feb-2019 19:22:57.417 INFO [main] org.apache.catalina.startup.VersionLoggerListener.log Architecture:          amd64
10-Feb-2019 19:22:57.417 INFO [main] org.apache.catalina.startup.VersionLoggerListener.log Java Home:             C:\Program Files\Java\jdk-11.0.2
10-Feb-2019 19:22:57.417 INFO [main] org.apache.catalina.startup.VersionLoggerListener.log JVM Version:           11.0.2+9-LTS
10-Feb-2019 19:22:57.418 INFO [main] org.apache.catalina.startup.VersionLoggerListener.log JVM Vendor:            Oracle Corporation
10-Feb-2019 19:22:57.419 INFO [main] org.apache.catalina.startup.VersionLoggerListener.log CATALINA_BASE:         D:\ForCoding\task\apache-tomcat-9.0.16
10-Feb-2019 19:22:57.420 INFO [main] org.apache.catalina.startup.VersionLoggerListener.log CATALINA_HOME:         D:\ForCoding\task\apache-tomcat-9.0.16
10-Feb-2019 19:22:57.422 INFO [main] org.apache.catalina.startup.VersionLoggerListener.log Command line argument: --add-opens=java.base/java.lang=ALL-UNNAMED
10-Feb-2019 19:22:57.423 INFO [main] org.apache.catalina.startup.VersionLoggerListener.log Command line argument: --add-opens=java.base/java.io=ALL-UNNAMED
10-Feb-2019 19:22:57.423 INFO [main] org.apache.catalina.startup.VersionLoggerListener.log Command line argument: --add-opens=java.rmi/sun.rmi.transport=ALL-UNNAMED
10-Feb-2019 19:22:57.424 INFO [main] org.apache.catalina.startup.VersionLoggerListener.log Command line argument: -Djava.util.logging.config.file=D:\ForCoding\task\apache-tomcat-9.0.16\conf\logging.properties
10-Feb-2019 19:22:57.425 INFO [main] org.apache.catalina.startup.VersionLoggerListener.log Command line argument: -Djava.util.logging.manager=org.apache.juli.ClassLoaderLogManager
10-Feb-2019 19:22:57.425 INFO [main] org.apache.catalina.startup.VersionLoggerListener.log Command line argument: -Djdk.tls.ephemeralDHKeySize=2048
10-Feb-2019 19:22:57.426 INFO [main] org.apache.catalina.startup.VersionLoggerListener.log Command line argument: -Djava.protocol.handler.pkgs=org.apache.catalina.webresources
10-Feb-2019 19:22:57.426 INFO [main] org.apache.catalina.startup.VersionLoggerListener.log Command line argument: -Dignore.endorsed.dirs=
10-Feb-2019 19:22:57.427 INFO [main] org.apache.catalina.startup.VersionLoggerListener.log Command line argument: -Dcatalina.base=D:\ForCoding\task\apache-tomcat-9.0.16
10-Feb-2019 19:22:57.428 INFO [main] org.apache.catalina.startup.VersionLoggerListener.log Command line argument: -Dcatalina.home=D:\ForCoding\task\apache-tomcat-9.0.16
10-Feb-2019 19:22:57.432 INFO [main] org.apache.catalina.startup.VersionLoggerListener.log Command line argument: -Djava.io.tmpdir=D:\ForCoding\task\apache-tomcat-9.0.16\temp
10-Feb-2019 19:22:57.434 INFO [main] org.apache.catalina.core.AprLifecycleListener.lifecycleEvent The APR based Apache Tomcat Native library which allows optimal performance in production environments was not found on the java.library.path: [C:\Program Files\Java\jdk-11.0.2\bin;C:\Windows\Sun\Java\bin;C:\Windows\system32;C:\Windows;C:\Program Files (x86)\Common Files\Oracle\Java\javapath;C:\ProgramData\Oracle\Java\javapath;C:\Windows\system32;C:\Windows;C:\Windows\System32\Wbem;C:\Windows\System32\WindowsPowerShell\v1.0\;C:\Program Files (x86)\Skype\Phone\;C:\Program Files\Microsoft SQL Server\120\Tools\Binn\;C:\Program Files\Microsoft SQL Server\130\Tools\Binn\;C:\Program Files\Microsoft SQL Server\110\Tools\Binn\;%USERPROFILE%\.dnx\bin;C:\Program Files\Microsoft DNX\Dnvm\;C:\Program Files (x86)\Windows Kits\8.1\Windows Performance Toolkit\;C:\Users\Aqualon\AppData\Local\GitHubDesktop\bin;.]
10-Feb-2019 19:22:57.493 INFO [main] org.apache.coyote.AbstractProtocol.init Initializing ProtocolHandler ["http-nio-8080"]
10-Feb-2019 19:22:57.656 INFO [main] org.apache.coyote.AbstractProtocol.init Initializing ProtocolHandler ["ajp-nio-8009"]
10-Feb-2019 19:22:57.662 INFO [main] org.apache.catalina.startup.Catalina.load Server initialization in [827] milliseconds
10-Feb-2019 19:22:57.735 INFO [main] org.apache.catalina.core.StandardService.startInternal Starting service [Catalina]
10-Feb-2019 19:22:57.735 INFO [main] org.apache.catalina.core.StandardEngine.startInternal Starting Servlet engine: [Apache Tomcat/9.0.16]
10-Feb-2019 19:22:57.750 INFO [main] org.apache.catalina.startup.HostConfig.deployDirectory Установка веб приложения в папку [D:\ForCoding\task\apache-tomcat-9.0.16\webapps\docs]
10-Feb-2019 19:22:58.256 INFO [main] org.apache.catalina.startup.HostConfig.deployDirectory Deployment of web application directory [D:\ForCoding\task\apache-tomcat-9.0.16\webapps\docs] has finished in [507] ms
10-Feb-2019 19:22:58.257 INFO [main] org.apache.catalina.startup.HostConfig.deployDirectory Установка веб приложения в папку [D:\ForCoding\task\apache-tomcat-9.0.16\webapps\examples]
10-Feb-2019 19:22:58.710 INFO [main] org.apache.catalina.startup.HostConfig.deployDirectory Deployment of web application directory [D:\ForCoding\task\apache-tomcat-9.0.16\webapps\examples] has finished in [453] ms
10-Feb-2019 19:22:58.711 INFO [main] org.apache.catalina.startup.HostConfig.deployDirectory Установка веб приложения в папку [D:\ForCoding\task\apache-tomcat-9.0.16\webapps\host-manager]
10-Feb-2019 19:22:58.777 INFO [main] org.apache.catalina.startup.HostConfig.deployDirectory Deployment of web application directory [D:\ForCoding\task\apache-tomcat-9.0.16\webapps\host-manager] has finished in [65] ms
10-Feb-2019 19:22:58.778 INFO [main] org.apache.catalina.startup.HostConfig.deployDirectory Установка веб приложения в папку [D:\ForCoding\task\apache-tomcat-9.0.16\webapps\manager]
10-Feb-2019 19:22:58.816 INFO [main] org.apache.catalina.startup.HostConfig.deployDirectory Deployment of web application directory [D:\ForCoding\task\apache-tomcat-9.0.16\webapps\manager] has finished in [38] ms
10-Feb-2019 19:22:58.817 INFO [main] org.apache.catalina.startup.HostConfig.deployDirectory Установка веб приложения в папку [D:\ForCoding\task\apache-tomcat-9.0.16\webapps\ROOT]
10-Feb-2019 19:22:58.848 INFO [main] org.apache.catalina.startup.HostConfig.deployDirectory Deployment of web application directory [D:\ForCoding\task\apache-tomcat-9.0.16\webapps\ROOT] has finished in [31] ms
10-Feb-2019 19:22:58.855 INFO [main] org.apache.coyote.AbstractProtocol.start Starting ProtocolHandler ["http-nio-8080"]
10-Feb-2019 19:22:58.870 INFO [main] org.apache.coyote.AbstractProtocol.start Starting ProtocolHandler ["ajp-nio-8009"]
10-Feb-2019 19:22:58.878 INFO [main] org.apache.catalina.startup.Catalina.start Server startup in [1 215] milliseconds
10-Feb-2019 19:23:50.433 INFO [main] org.apache.catalina.core.StandardServer.await A valid shutdown command was received via the shutdown port. Stopping the Server instance.
10-Feb-2019 19:23:50.435 INFO [main] org.apache.coyote.AbstractProtocol.pause Pausing ProtocolHandler ["http-nio-8080"]
10-Feb-2019 19:23:50.517 INFO [main] org.apache.coyote.AbstractProtocol.pause Pausing ProtocolHandler ["ajp-nio-8009"]
10-Feb-2019 19:23:50.588 INFO [main] org.apache.catalina.core.StandardService.stopInternal Stopping service [Catalina]
10-Feb-2019 19:23:50.695 INFO [main] org.apache.coyote.AbstractProtocol.stop Stopping ProtocolHandler ["http-nio-8080"]
10-Feb-2019 19:23:50.700 INFO [main] org.apache.coyote.AbstractProtocol.stop Stopping ProtocolHandler ["ajp-nio-8009"]
10-Feb-2019 19:23:50.708 INFO [main] org.apache.coyote.AbstractProtocol.destroy Destroying ProtocolHandler ["http-nio-8080"]
10-Feb-2019 19:23:50.712 INFO [main] org.apache.coyote.AbstractProtocol.destroy Destroying ProtocolHandler ["ajp-nio-8009"]
